<?xml version="1.0" encoding="UTF-8"?>
<!-- Generated by org.testng.reporters.JUnitReportReporter -->
<testsuite hostname="DESKTOP-6DEA9QC" failures="0" tests="1" name="com.bridgelabz.selenium.Take_ScreenShots" time="221.028" errors="0" timestamp="2022-07-21T08:49:50 IST" skipped="0">
  <testcase classname="com.bridgelabz.selenium.Take_ScreenShots" name="screenShot" time="221.028"/>
  <system-out/>
</testsuite> <!-- com.bridgelabz.selenium.Take_ScreenShots -->
