<?xml version="1.0" encoding="UTF-8"?>
<!-- Generated by org.testng.reporters.JUnitReportReporter -->
<testsuite hostname="DESKTOP-6DEA9QC" failures="0" tests="1" name="com.bridgelabz.selenium.Launch" time="90.443" errors="0" timestamp="2022-07-23T18:21:35 IST" skipped="0">
  <testcase classname="com.bridgelabz.selenium.Launch" name="Launchbrowser" time="90.443"/>
  <system-out/>
</testsuite> <!-- com.bridgelabz.selenium.Launch -->
