<?xml version="1.0" encoding="UTF-8"?>
<!-- Generated by org.testng.reporters.JUnitReportReporter -->
<testsuite hostname="DESKTOP-6DEA9QC" failures="0" tests="1" name="com.bridgelabz.selenium.Robot_Class" time="52.276" errors="1" timestamp="2022-07-22T20:08:07 IST" skipped="0">
  <testcase classname="com.bridgelabz.selenium.Robot_Class" name="mouseAndKeyboard" time="52.276">
    <error message="no awt in system library path: C:\Users\dc\AppData\Local\Temp\Rar$EX01.797\eclipse\plugins\org.eclipse.justj.openjdk.hotspot.jre.full.win32.x86_64_17.0.3.v20220515-1416\jre\bin" type="java.lang.UnsatisfiedLinkError">
      <![CDATA[java.lang.UnsatisfiedLinkError: no awt in system library path: C:\Users\dc\AppData\Local\Temp\Rar$EX01.797\eclipse\plugins\org.eclipse.justj.openjdk.hotspot.jre.full.win32.x86_64_17.0.3.v20220515-1416\jre\bin
at java.base/java.lang.ClassLoader.loadLibrary(ClassLoader.java:2403)
at java.base/java.lang.Runtime.loadLibrary0(Runtime.java:818)
at java.base/java.lang.System.loadLibrary(System.java:1989)
at java.desktop/java.awt.Toolkit$2.run(Toolkit.java:1388)
at java.desktop/java.awt.Toolkit$2.run(Toolkit.java:1386)
at java.base/java.security.AccessController.doPrivileged(AccessController.java:318)
at java.desktop/java.awt.Toolkit.loadLibraries(Toolkit.java:1385)
at java.desktop/java.awt.Toolkit.initStatic(Toolkit.java:1423)
at java.desktop/java.awt.Toolkit.<clinit>(Toolkit.java:1397)
at java.desktop/sun.awt.Win32GraphicsEnvironment.<clinit>(Win32GraphicsEnvironment.java:60)
at java.desktop/sun.awt.PlatformGraphicsInfo.createGE(PlatformGraphicsInfo.java:34)
at java.desktop/java.awt.GraphicsEnvironment$LocalGE.createGE(GraphicsEnvironment.java:93)
at java.desktop/java.awt.GraphicsEnvironment$LocalGE.<clinit>(GraphicsEnvironment.java:84)
at java.desktop/java.awt.GraphicsEnvironment.getLocalGraphicsEnvironment(GraphicsEnvironment.java:106)
at java.desktop/java.awt.Robot.<init>(Robot.java:97)
at com.bridgelabz.selenium.Robot_Class.mouseAndKeyboard(Robot_Class.java:27)
at java.base/jdk.internal.reflect.NativeMethodAccessorImpl.invoke0(Native Method)
at java.base/jdk.internal.reflect.NativeMethodAccessorImpl.invoke(NativeMethodAccessorImpl.java:77)
at java.base/jdk.internal.reflect.DelegatingMethodAccessorImpl.invoke(DelegatingMethodAccessorImpl.java:43)
at java.base/java.lang.reflect.Method.invoke(Method.java:568)
at org.testng.internal.MethodInvocationHelper.invokeMethod(MethodInvocationHelper.java:133)
at org.testng.internal.TestInvoker.invokeMethod(TestInvoker.java:598)
at org.testng.internal.TestInvoker.invokeTestMethod(TestInvoker.java:173)
at org.testng.internal.MethodRunner.runInSequence(MethodRunner.java:46)
at org.testng.internal.TestInvoker$MethodInvocationAgent.invoke(TestInvoker.java:824)
at org.testng.internal.TestInvoker.invokeTestMethods(TestInvoker.java:146)
at org.testng.internal.TestMethodWorker.invokeTestMethods(TestMethodWorker.java:146)
at org.testng.internal.TestMethodWorker.run(TestMethodWorker.java:128)
at java.base/java.util.ArrayList.forEach(ArrayList.java:1511)
at org.testng.TestRunner.privateRun(TestRunner.java:794)
at org.testng.TestRunner.run(TestRunner.java:596)
at org.testng.SuiteRunner.runTest(SuiteRunner.java:377)
at org.testng.SuiteRunner.runSequentially(SuiteRunner.java:371)
at org.testng.SuiteRunner.privateRun(SuiteRunner.java:332)
at org.testng.SuiteRunner.run(SuiteRunner.java:276)
at org.testng.SuiteRunnerWorker.runSuite(SuiteRunnerWorker.java:53)
at org.testng.SuiteRunnerWorker.run(SuiteRunnerWorker.java:96)
at org.testng.TestNG.runSuitesSequentially(TestNG.java:1212)
at org.testng.TestNG.runSuitesLocally(TestNG.java:1134)
at org.testng.TestNG.runSuites(TestNG.java:1063)
at org.testng.TestNG.run(TestNG.java:1031)
at org.testng.remote.AbstractRemoteTestNG.run(AbstractRemoteTestNG.java:115)
at org.testng.remote.RemoteTestNG.initAndRun(RemoteTestNG.java:251)
at org.testng.remote.RemoteTestNG.main(RemoteTestNG.java:77)
]]>
    </error>
  </testcase> <!-- mouseAndKeyboard -->
  <system-out/>
</testsuite> <!-- com.bridgelabz.selenium.Robot_Class -->
