<?xml version="1.0" encoding="UTF-8"?>
<!-- Generated by org.testng.reporters.JUnitReportReporter -->
<testsuite hostname="DESKTOP-6DEA9QC" failures="0" tests="1" name="com.bridgelabz.selenium.login$Facebook_Login" time="45.268" errors="0" timestamp="2022-08-01T18:18:46 IST" skipped="0">
  <testcase classname="com.bridgelabz.selenium.login$Facebook_Login" name="login" time="45.268"/>
  <system-out/>
</testsuite> <!-- com.bridgelabz.selenium.login$Facebook_Login -->
