<?xml version="1.0" encoding="UTF-8"?>
<!-- Generated by org.testng.reporters.JUnitReportReporter -->
<testsuite hostname="DESKTOP-6DEA9QC" failures="0" tests="1" name="com.bridgelabz.selenium.FB__Alignment" time="20.186" errors="0" timestamp="2022-07-22T23:42:02 IST" skipped="0">
  <testcase classname="com.bridgelabz.selenium.FB__Alignment" name="usernamePasswordBoxAlignment" time="20.186"/>
  <system-out/>
</testsuite> <!-- com.bridgelabz.selenium.FB__Alignment -->
